<?xml version="1.0" encoding="UTF-8"?>
<testsuite name="com.example.gaebal_easy.GaebalEasyApplicationTests" tests="1" skipped="0" failures="0" errors="0" timestamp="2025-03-14T10:34:30.588Z" hostname="DESKTOP-DC55AAB" time="0.663">
  <properties/>
  <testcase name="contextLoads()" classname="com.example.gaebal_easy.GaebalEasyApplicationTests" time="0.663"/>
  <system-out><![CDATA[19:34:29.759 [Test worker] INFO org.springframework.test.context.support.AnnotationConfigContextLoaderUtils -- Could not detect default configuration classes for test class [com.example.gaebal_easy.GaebalEasyApplicationTests]: GaebalEasyApplicationTests does not declare any static, non-private, non-final, nested classes annotated with @Configuration.
19:34:29.858 [Test worker] INFO org.springframework.boot.test.context.SpringBootTestContextBootstrapper -- Found @SpringBootConfiguration com.example.gaebal_easy.GaebalEasyApplication for test class com.example.gaebal_easy.GaebalEasyApplicationTests

  .   ____          _            __ _ _
 /\\ / ___'_ __ _ _(_)_ __  __ _ \ \ \ \
( ( )\___ | '_ | '_| | '_ \/ _` | \ \ \ \
 \\/  ___)| |_)| | | | | || (_| |  ) ) ) )
  '  |____| .__|_| |_|_| |_\__, | / / / /
 =========|_|==============|___/=/_/_/_/

 :: Spring Boot ::                (v3.4.3)

2025-03-14T19:34:30.206+09:00  INFO 97140 --- [gaebal-easy] [    Test worker] c.e.g.GaebalEasyApplicationTests         : Starting GaebalEasyApplicationTests using Java 17.0.14 with PID 97140 (started by thehe in C:\Users\thehe\Desktop\gaebal-easy)
2025-03-14T19:34:30.207+09:00  INFO 97140 --- [gaebal-easy] [    Test worker] c.e.g.GaebalEasyApplicationTests         : No active profile set, falling back to 1 default profile: "default"
2025-03-14T19:34:30.585+09:00  INFO 97140 --- [gaebal-easy] [    Test worker] c.e.g.GaebalEasyApplicationTests         : Started GaebalEasyApplicationTests in 0.586 seconds (process running for 1.498)
]]></system-out>
  <system-err><![CDATA[]]></system-err>
</testsuite>
